<?xml version="1.0" encoding="UTF-8"?>
<!-- Generated by org.testng.reporters.JUnitReportReporter -->
<testsuite skipped="0" hostname="DESKTOP-TFIKAD1" name="com.tyss.rough.selectdropdown" tests="1" failures="0" timestamp="07 Jul 2020 04:58:47 GMT" time="26.093" errors="0">
  <testcase name="TC_01" time="26.093" classname="com.tyss.rough.selectdropdown"/>
</testsuite> <!-- com.tyss.rough.selectdropdown -->
