<?xml version="1.0" encoding="UTF-8"?>
<!-- Generated by org.testng.reporters.JUnitReportReporter -->
<testsuite skipped="0" hostname="DESKTOP-TFIKAD1" name="com.tyss.rough.selectdropdown" tests="1" failures="0" timestamp="06 Jul 2020 08:47:47 GMT" time="27.656" errors="0">
  <testcase name="TC_01" time="27.656" classname="com.tyss.rough.selectdropdown"/>
</testsuite> <!-- com.tyss.rough.selectdropdown -->
